[2021-01-20 11:08:41] (ERROR @ /var/www/www-root/data/www/test-s.dostavka17.ru/core/model/modx/modcachemanager.class.php : 322) Could not cache resource 1
[2021-01-20 11:16:54] (ERROR @ /var/www/www-root/data/www/test-s.dostavka17.ru/core/model/modx/modcachemanager.class.php : 349) Error caching lexicon topic lexicon/en/core/default
[2021-01-20 11:16:54] (ERROR @ /var/www/www-root/data/www/test-s.dostavka17.ru/core/model/modx/modcachemanager.class.php : 349) Error caching lexicon topic lexicon/ru/core/default
[2021-01-20 11:21:37] (ERROR @ /var/www/www-root/data/www/test-s.dostavka17.ru/core/model/modx/modcachemanager.class.php : 322) Could not cache resource 1
[2021-01-20 11:25:16] (ERROR @ /var/www/www-root/data/www/test-s.dostavka17.ru/core/model/modx/modcachemanager.class.php : 322) Could not cache resource 1
[2021-01-20 11:34:50] (ERROR @ /var/www/www-root/data/www/test-s.dostavka17.ru/core/model/modx/modcachemanager.class.php : 322) Could not cache resource 1
[2021-01-20 11:35:56] (ERROR @ /var/www/www-root/data/www/test-s.dostavka17.ru/core/model/modx/modcachemanager.class.php : 349) Error caching lexicon topic lexicon/en/core/source
[2021-01-20 11:35:56] (ERROR @ /var/www/www-root/data/www/test-s.dostavka17.ru/core/model/modx/modcachemanager.class.php : 322) Could not cache resource 1
[2021-01-20 11:45:38] (ERROR @ /var/www/www-root/data/www/test-s.dostavka17.ru/core/model/modx/modcachemanager.class.php : 322) Could not cache resource 1
[2021-01-20 12:16:20] (ERROR @ /var/www/www-root/data/www/test-s.dostavka17.ru/core/model/modx/modcachemanager.class.php : 322) Could not cache resource 1
[2021-01-20 13:23:02] (ERROR @ /var/www/www-root/data/www/test-s.dostavka17.ru/core/model/modx/modcachemanager.class.php : 322) Could not cache resource 1
[2021-01-20 13:37:19] (ERROR @ /var/www/www-root/data/www/test-s.dostavka17.ru/core/model/modx/modcachemanager.class.php : 349) Error caching lexicon topic lexicon/en/core/source
[2021-01-20 14:22:50] (ERROR @ /var/www/www-root/data/www/test-s.dostavka17.ru/core/model/modx/modcachemanager.class.php : 322) Could not cache resource 1
[2021-01-20 14:23:38] (ERROR @ /var/www/www-root/data/www/test-s.dostavka17.ru/core/model/modx/modcachemanager.class.php : 322) Could not cache resource 1
[2021-01-20 14:28:33] (ERROR @ /var/www/www-root/data/www/test-s.dostavka17.ru/core/model/modx/modcachemanager.class.php : 349) Error caching lexicon topic lexicon/en/core/source
[2021-01-20 14:28:33] (ERROR @ /var/www/www-root/data/www/test-s.dostavka17.ru/core/model/modx/modcachemanager.class.php : 349) Error caching lexicon topic lexicon/ru/core/source
[2021-01-20 14:28:33] (ERROR @ /var/www/www-root/data/www/test-s.dostavka17.ru/core/model/modx/modcachemanager.class.php : 322) Could not cache resource 1
[2021-01-20 18:58:38] (ERROR @ /var/www/www-root/data/www/test-s.dostavka17.ru/core/model/modx/modcachemanager.class.php : 349) Error caching lexicon topic lexicon/ru/core/default
[2021-01-20 19:15:52] (ERROR in xPDO::getService @ /var/www/www-root/data/www/test-s.dostavka17.ru/core/xpdo/xpdo.class.php : 1234) modRestClient::__construct is deprecated since version 2.3.0. Use the modRest classes instead.
[2021-01-20 19:15:52] (ERROR in modRestCurlClient::__construct @ /var/www/www-root/data/www/test-s.dostavka17.ru/core/model/modx/rest/modrestcurlclient.class.php : 26) modRestClient::__construct is deprecated since version 2.3.0. Use the modRest classes instead.
[2021-01-20 19:15:52] (ERROR in xPDO::getService @ /var/www/www-root/data/www/test-s.dostavka17.ru/core/xpdo/xpdo.class.php : 1234) modRestClient::__construct is deprecated since version 2.3.0. Use the modRest classes instead.
[2021-01-20 19:15:52] (ERROR in modRestCurlClient::__construct @ /var/www/www-root/data/www/test-s.dostavka17.ru/core/model/modx/rest/modrestcurlclient.class.php : 26) modRestClient::__construct is deprecated since version 2.3.0. Use the modRest classes instead.
[2021-01-20 19:15:52] (ERROR in xPDO::getService @ /var/www/www-root/data/www/test-s.dostavka17.ru/core/xpdo/xpdo.class.php : 1234) modRestClient::__construct is deprecated since version 2.3.0. Use the modRest classes instead.
[2021-01-20 19:15:52] (ERROR in modRestCurlClient::__construct @ /var/www/www-root/data/www/test-s.dostavka17.ru/core/model/modx/rest/modrestcurlclient.class.php : 26) modRestClient::__construct is deprecated since version 2.3.0. Use the modRest classes instead.
[2021-01-20 19:15:56] (ERROR in xPDO::getService @ /var/www/www-root/data/www/test-s.dostavka17.ru/core/xpdo/xpdo.class.php : 1234) modRestClient::__construct is deprecated since version 2.3.0. Use the modRest classes instead.
[2021-01-20 19:15:56] (ERROR in xPDO::getService @ /var/www/www-root/data/www/test-s.dostavka17.ru/core/xpdo/xpdo.class.php : 1234) modRestClient::__construct is deprecated since version 2.3.0. Use the modRest classes instead.
[2021-01-20 19:15:56] (ERROR in modRestCurlClient::__construct @ /var/www/www-root/data/www/test-s.dostavka17.ru/core/model/modx/rest/modrestcurlclient.class.php : 26) modRestClient::__construct is deprecated since version 2.3.0. Use the modRest classes instead.
[2021-01-20 19:15:56] (ERROR in modRestCurlClient::__construct @ /var/www/www-root/data/www/test-s.dostavka17.ru/core/model/modx/rest/modrestcurlclient.class.php : 26) modRestClient::__construct is deprecated since version 2.3.0. Use the modRest classes instead.
[2021-01-20 19:16:08] (ERROR in xPDO::getService @ /var/www/www-root/data/www/test-s.dostavka17.ru/core/xpdo/xpdo.class.php : 1234) modRestClient::__construct is deprecated since version 2.3.0. Use the modRest classes instead.
[2021-01-20 19:16:08] (ERROR in modRestCurlClient::__construct @ /var/www/www-root/data/www/test-s.dostavka17.ru/core/model/modx/rest/modrestcurlclient.class.php : 26) modRestClient::__construct is deprecated since version 2.3.0. Use the modRest classes instead.
[2021-01-20 19:16:11] (ERROR in xPDO::getService @ /var/www/www-root/data/www/test-s.dostavka17.ru/core/xpdo/xpdo.class.php : 1234) modRestClient::__construct is deprecated since version 2.3.0. Use the modRest classes instead.
[2021-01-20 19:16:11] (ERROR in modRestCurlClient::__construct @ /var/www/www-root/data/www/test-s.dostavka17.ru/core/model/modx/rest/modrestcurlclient.class.php : 26) modRestClient::__construct is deprecated since version 2.3.0. Use the modRest classes instead.
[2021-01-20 19:16:15] (ERROR in xPDO::getService @ /var/www/www-root/data/www/test-s.dostavka17.ru/core/xpdo/xpdo.class.php : 1234) modRestClient::__construct is deprecated since version 2.3.0. Use the modRest classes instead.
[2021-01-20 19:16:15] (ERROR in modRestCurlClient::__construct @ /var/www/www-root/data/www/test-s.dostavka17.ru/core/model/modx/rest/modrestcurlclient.class.php : 26) modRestClient::__construct is deprecated since version 2.3.0. Use the modRest classes instead.
[2021-01-20 19:16:22] (ERROR in xPDO::getService @ /var/www/www-root/data/www/test-s.dostavka17.ru/core/xpdo/xpdo.class.php : 1234) modRestClient::__construct is deprecated since version 2.3.0. Use the modRest classes instead.
[2021-01-20 19:16:22] (ERROR in modRestCurlClient::__construct @ /var/www/www-root/data/www/test-s.dostavka17.ru/core/model/modx/rest/modrestcurlclient.class.php : 26) modRestClient::__construct is deprecated since version 2.3.0. Use the modRest classes instead.
[2021-01-20 19:16:29] (ERROR in xPDO::getService @ /var/www/www-root/data/www/test-s.dostavka17.ru/core/xpdo/xpdo.class.php : 1234) modRestClient::__construct is deprecated since version 2.3.0. Use the modRest classes instead.
[2021-01-20 19:16:29] (ERROR in modRestCurlClient::__construct @ /var/www/www-root/data/www/test-s.dostavka17.ru/core/model/modx/rest/modrestcurlclient.class.php : 26) modRestClient::__construct is deprecated since version 2.3.0. Use the modRest classes instead.
[2021-01-20 19:17:00] (ERROR in xPDO::getService @ /var/www/www-root/data/www/test-s.dostavka17.ru/core/xpdo/xpdo.class.php : 1234) modRestClient::__construct is deprecated since version 2.3.0. Use the modRest classes instead.
[2021-01-20 19:17:00] (ERROR in modRestCurlClient::__construct @ /var/www/www-root/data/www/test-s.dostavka17.ru/core/model/modx/rest/modrestcurlclient.class.php : 26) modRestClient::__construct is deprecated since version 2.3.0. Use the modRest classes instead.
[2021-01-21 10:28:36] (ERROR @ /var/www/www-root/data/www/test-s.dostavka17.ru/core/model/modx/modcachemanager.class.php : 322) Could not cache resource 1
[2021-01-21 10:28:48] (ERROR @ /var/www/www-root/data/www/test-s.dostavka17.ru/core/model/modx/modcachemanager.class.php : 322) Could not cache resource 1
[2021-01-21 10:46:34] (ERROR @ /var/www/www-root/data/www/test-s.dostavka17.ru/core/model/modx/modcachemanager.class.php : 322) Could not cache resource 1
[2021-01-21 10:47:03] (ERROR @ /var/www/www-root/data/www/test-s.dostavka17.ru/core/model/modx/modcachemanager.class.php : 349) Error caching lexicon topic lexicon/en/core/source
[2021-01-21 10:48:47] (ERROR @ /var/www/www-root/data/www/test-s.dostavka17.ru/core/model/modx/modcachemanager.class.php : 322) Could not cache resource 1
[2021-01-21 10:48:58] (ERROR @ /var/www/www-root/data/www/test-s.dostavka17.ru/core/model/modx/modcachemanager.class.php : 322) Could not cache resource 1
[2021-01-21 10:51:29] (ERROR @ /var/www/www-root/data/www/test-s.dostavka17.ru/core/model/modx/modcachemanager.class.php : 349) Error caching lexicon topic lexicon/ru/core/tv_widget
[2021-01-21 10:51:29] (ERROR @ /var/www/www-root/data/www/test-s.dostavka17.ru/core/model/modx/modcachemanager.class.php : 322) Could not cache resource 1
[2021-01-21 10:55:11] (ERROR @ /var/www/www-root/data/www/test-s.dostavka17.ru/core/model/modx/modcachemanager.class.php : 322) Could not cache resource 1
[2021-01-21 10:55:28] (ERROR @ /var/www/www-root/data/www/test-s.dostavka17.ru/core/model/modx/modcachemanager.class.php : 349) Error caching lexicon topic lexicon/en/core/source
[2021-01-21 10:56:48] (ERROR @ /var/www/www-root/data/www/test-s.dostavka17.ru/core/model/modx/modcachemanager.class.php : 322) Could not cache resource 1
[2021-01-21 10:59:44] (ERROR @ /var/www/www-root/data/www/test-s.dostavka17.ru/core/model/modx/modcachemanager.class.php : 322) Could not cache resource 1
[2021-01-21 11:01:01] (ERROR @ /var/www/www-root/data/www/test-s.dostavka17.ru/core/model/modx/modcachemanager.class.php : 322) Could not cache resource 1
[2021-01-21 11:28:22] (ERROR @ /var/www/www-root/data/www/test-s.dostavka17.ru/core/model/modx/modcachemanager.class.php : 322) Could not cache resource 1
[2021-01-21 11:28:41] (ERROR @ /var/www/www-root/data/www/test-s.dostavka17.ru/core/model/modx/modcachemanager.class.php : 322) Could not cache resource 1
[2021-01-21 11:29:45] (ERROR @ /var/www/www-root/data/www/test-s.dostavka17.ru/core/model/modx/modcachemanager.class.php : 322) Could not cache resource 1
